This is pdfTeX, Version 3.14159265-2.6-1.40.16 (TeX Live 2015) (preloaded format=pdflatex 2015.10.24)  25 JAN 2016 20:43
entering extended mode
 restricted \write18 enabled.
 file:line:error style messages enabled.
 %&-line parsing enabled.
**mcmpaper.tex
(./mcmpaper.tex
LaTeX2e <2015/01/01>
Babel <3.9l> and hyphenation patterns for 79 languages loaded.
(/usr/local/texlive/2015/texmf-dist/tex/latex/base/article.cls
Document Class: article 2014/09/29 v1.4h Standard LaTeX document class
(/usr/local/texlive/2015/texmf-dist/tex/latex/base/size12.clo
File: size12.clo 2014/09/29 v1.4h Standard LaTeX file (size option)
)
\c@part=\count79
\c@section=\count80
\c@subsection=\count81
\c@subsubsection=\count82
\c@paragraph=\count83
\c@subparagraph=\count84
\c@figure=\count85
\c@table=\count86
\abovecaptionskip=\skip41
\belowcaptionskip=\skip42
\bibindent=\dimen102
)
(./MCMthesis.sty
Package: MCMthesis 2011/01/04 v4.0 MCM thesis

MCMthesis for MCM Version 4.0
(/usr/local/texlive/2015/texmf-dist/tex/latex/graphics/color.sty
Package: color 2014/10/28 v1.1a Standard LaTeX Color (DPC)

(/usr/local/texlive/2015/texmf-dist/tex/latex/latexconfig/color.cfg
File: color.cfg 2007/01/18 v1.5 color configuration of teTeX/TeXLive
)
Package color Info: Driver file: pdftex.def on input line 142.

(/usr/local/texlive/2015/texmf-dist/tex/latex/pdftex-def/pdftex.def
File: pdftex.def 2011/05/27 v0.06d Graphics/color for pdfTeX

(/usr/local/texlive/2015/texmf-dist/tex/generic/oberdiek/infwarerr.sty
Package: infwarerr 2010/04/08 v1.3 Providing info/warning/error messages (HO)
)
(/usr/local/texlive/2015/texmf-dist/tex/generic/oberdiek/ltxcmds.sty
Package: ltxcmds 2011/11/09 v1.22 LaTeX kernel commands for general use (HO)
)
\Gread@gobject=\count87
))
(/usr/local/texlive/2015/texmf-dist/tex/latex/fancyhdr/fancyhdr.sty
\fancy@headwidth=\skip43
\f@ncyO@elh=\skip44
\f@ncyO@erh=\skip45
\f@ncyO@olh=\skip46
\f@ncyO@orh=\skip47
\f@ncyO@elf=\skip48
\f@ncyO@erf=\skip49
\f@ncyO@olf=\skip50
\f@ncyO@orf=\skip51
)
(/usr/local/texlive/2015/texmf-dist/tex/latex/fancybox/fancybox.sty
Package: fancybox 2010/05/15 1.4

Style option: `fancybox' v1.4 <2010/05/15> (tvz)
\@fancybox=\box26
\shadowsize=\dimen103
\@Sbox=\box27
\do@VerbBox=\toks14
\the@fancyput=\toks15
\this@fancyput=\toks16
\EndVerbatimTokens=\toks17
\Verbatim@Outfile=\write3
\Verbatim@Infile=\read1
) (/usr/local/texlive/2015/texmf-dist/tex/latex/graphics/graphicx.sty
Package: graphicx 2014/10/28 v1.0g Enhanced LaTeX Graphics (DPC,SPQR)

(/usr/local/texlive/2015/texmf-dist/tex/latex/graphics/keyval.sty
Package: keyval 2014/10/28 v1.15 key=value parser (DPC)
\KV@toks@=\toks18
)
(/usr/local/texlive/2015/texmf-dist/tex/latex/graphics/graphics.sty
Package: graphics 2014/10/28 v1.0p Standard LaTeX Graphics (DPC,SPQR)

(/usr/local/texlive/2015/texmf-dist/tex/latex/graphics/trig.sty
Package: trig 1999/03/16 v1.09 sin cos tan (DPC)
)
(/usr/local/texlive/2015/texmf-dist/tex/latex/latexconfig/graphics.cfg
File: graphics.cfg 2010/04/23 v1.9 graphics configuration of TeX Live
)
Package graphics Info: Driver file: pdftex.def on input line 94.
)
\Gin@req@height=\dimen104
\Gin@req@width=\dimen105
)
(/usr/local/texlive/2015/texmf-dist/tex/latex/base/ifthen.sty
Package: ifthen 2014/09/29 v1.1c Standard LaTeX ifthen package (DPC)
)
(/usr/local/texlive/2015/texmf-dist/tex/latex/lastpage/lastpage.sty
Package: lastpage 2015/03/29 v1.2m Refers to last page's name (HMM; JPG)
)
(/usr/local/texlive/2015/texmf-dist/tex/latex/listings/listings.sty
\lst@mode=\count88
\lst@gtempboxa=\box28
\lst@token=\toks19
\lst@length=\count89
\lst@currlwidth=\dimen106
\lst@column=\count90
\lst@pos=\count91
\lst@lostspace=\dimen107
\lst@width=\dimen108
\lst@newlines=\count92
\lst@lineno=\count93
\lst@maxwidth=\dimen109

(/usr/local/texlive/2015/texmf-dist/tex/latex/listings/lstmisc.sty
File: lstmisc.sty 2014/09/06 1.5e (Carsten Heinz)
\c@lstnumber=\count94
\lst@skipnumbers=\count95
\lst@framebox=\box29
)
(/usr/local/texlive/2015/texmf-dist/tex/latex/listings/listings.cfg
File: listings.cfg 2014/09/06 1.5e listings configuration
))
Package: listings 2014/09/06 1.5e (Carsten Heinz)

(/usr/local/texlive/2015/texmf-dist/tex/latex/appendix/appendix.sty
Package: appendix 2009/09/02 v1.2b extra appendix facilities
\c@@pps=\count96
\c@@ppsavesec=\count97
\c@@ppsaveapp=\count98
)
(/usr/local/texlive/2015/texmf-dist/tex/latex/tools/enumerate.sty
Package: enumerate 2014/10/28 v3.00 enumerate extensions (DPC)
\@enLab=\toks20
)
(/usr/local/texlive/2015/texmf-dist/tex/latex/amscls/amsthm.sty
Package: amsthm 2015/03/04 v2.20.2
\thm@style=\toks21
\thm@bodyfont=\toks22
\thm@headfont=\toks23
\thm@notefont=\toks24
\thm@headpunct=\toks25
\thm@preskip=\skip52
\thm@postskip=\skip53
\thm@headsep=\skip54
\dth@everypar=\toks26
)
(/usr/local/texlive/2015/texmf-dist/tex/latex/amsfonts/amsfonts.sty
Package: amsfonts 2013/01/14 v3.01 Basic AMSFonts support
\@emptytoks=\toks27
\symAMSa=\mathgroup4
\symAMSb=\mathgroup5
LaTeX Font Info:    Overwriting math alphabet `\mathfrak' in version `bold'
(Font)                  U/euf/m/n --> U/euf/b/n on input line 106.
)
(/usr/local/texlive/2015/texmf-dist/tex/latex/amsmath/amsmath.sty
Package: amsmath 2013/01/14 v2.14 AMS math features
\@mathmargin=\skip55

For additional information on amsmath, use the `?' option.
(/usr/local/texlive/2015/texmf-dist/tex/latex/amsmath/amstext.sty
Package: amstext 2000/06/29 v2.01

(/usr/local/texlive/2015/texmf-dist/tex/latex/amsmath/amsgen.sty
File: amsgen.sty 1999/11/30 v2.0
\@emptytoks=\toks28
\ex@=\dimen110
))
(/usr/local/texlive/2015/texmf-dist/tex/latex/amsmath/amsbsy.sty
Package: amsbsy 1999/11/29 v1.2d
\pmbraise@=\dimen111
)
(/usr/local/texlive/2015/texmf-dist/tex/latex/amsmath/amsopn.sty
Package: amsopn 1999/12/14 v2.01 operator names
)
\inf@bad=\count99
LaTeX Info: Redefining \frac on input line 210.
\uproot@=\count100
\leftroot@=\count101
LaTeX Info: Redefining \overline on input line 306.
\classnum@=\count102
\DOTSCASE@=\count103
LaTeX Info: Redefining \ldots on input line 378.
LaTeX Info: Redefining \dots on input line 381.
LaTeX Info: Redefining \cdots on input line 466.
\Mathstrutbox@=\box30
\strutbox@=\box31
\big@size=\dimen112
LaTeX Font Info:    Redeclaring font encoding OML on input line 566.
LaTeX Font Info:    Redeclaring font encoding OMS on input line 567.
\macc@depth=\count104
\c@MaxMatrixCols=\count105
\dotsspace@=\muskip10
\c@parentequation=\count106
\dspbrk@lvl=\count107
\tag@help=\toks29
\row@=\count108
\column@=\count109
\maxfields@=\count110
\andhelp@=\toks30
\eqnshift@=\dimen113
\alignsep@=\dimen114
\tagshift@=\dimen115
\tagwidth@=\dimen116
\totwidth@=\dimen117
\lineht@=\dimen118
\@envbody=\toks31
\multlinegap=\skip56
\multlinetaggap=\skip57
\mathdisplay@stack=\toks32
LaTeX Info: Redefining \[ on input line 2665.
LaTeX Info: Redefining \] on input line 2666.
)
(/usr/local/texlive/2015/texmf-dist/tex/latex/tools/bm.sty
Package: bm 2014/10/28 v1.1c Bold Symbol Support (DPC/FMi)
\symboldoperators=\mathgroup6
\symboldletters=\mathgroup7
\symboldsymbols=\mathgroup8
LaTeX Font Info:    Redeclaring math alphabet \mathbf on input line 141.
LaTeX Info: Redefining \bm on input line 207.
)
(/usr/local/texlive/2015/texmf-dist/tex/latex/amsfonts/amssymb.sty
Package: amssymb 2013/01/14 v3.01 AMS font symbols
)
(/usr/local/texlive/2015/texmf-dist/tex/latex/jknapltx/mathrsfs.sty
Package: mathrsfs 1996/01/01 Math RSFS package v1.0 (jk)
\symrsfs=\mathgroup9
)
(/usr/local/texlive/2015/texmf-dist/tex/latex/base/latexsym.sty
Package: latexsym 1998/08/17 v2.2e Standard LaTeX package (lasy symbols)
\symlasy=\mathgroup10
LaTeX Font Info:    Overwriting symbol font `lasy' in version `bold'
(Font)                  U/lasy/m/n --> U/lasy/b/n on input line 52.
)
(/usr/local/texlive/2015/texmf-dist/tex/latex/subfigure/subfigure.sty
Package: subfigure 2002/03/15 v2.1.5 subfigure package
\subfigtopskip=\skip58
\subfigcapskip=\skip59
\subfigcaptopadj=\dimen119
\subfigbottomskip=\skip60
\subfigcapmargin=\dimen120
\subfiglabelskip=\skip61
\c@subfigure=\count111
\c@lofdepth=\count112
\c@subtable=\count113
\c@lotdepth=\count114

****************************************
* Local config file subfigure.cfg used *
****************************************
(/usr/local/texlive/2015/texmf-dist/tex/latex/subfigure/subfigure.cfg)
\subfig@top=\skip62
\subfig@bottom=\skip63
)
(/usr/local/texlive/2015/texmf-dist/tex/latex/tools/longtable.sty
Package: longtable 2014/10/28 v4.11 Multi-page Table package (DPC)
\LTleft=\skip64
\LTright=\skip65
\LTpre=\skip66
\LTpost=\skip67
\LTchunksize=\count115
\LTcapwidth=\dimen121
\LT@head=\box32
\LT@firsthead=\box33
\LT@foot=\box34
\LT@lastfoot=\box35
\LT@cols=\count116
\LT@rows=\count117
\c@LT@tables=\count118
\c@LT@chunks=\count119
\LT@p@ftn=\toks33
)
(/usr/local/texlive/2015/texmf-dist/tex/latex/multirow/multirow.sty
\bigstrutjot=\dimen122
)
(/usr/local/texlive/2015/texmf-dist/tex/latex/tools/hhline.sty
Package: hhline 2014/10/28 v2.03 Table rule package (DPC)
)
(/usr/local/texlive/2015/texmf-dist/tex/latex/tools/tabularx.sty
Package: tabularx 2014/10/28 v2.10 `tabularx' package (DPC)

(/usr/local/texlive/2015/texmf-dist/tex/latex/tools/array.sty
Package: array 2014/10/28 v2.4c Tabular extension package (FMi)
\col@sep=\dimen123
\extrarowheight=\dimen124
\NC@list=\toks34
\extratabsurround=\skip68
\backup@length=\skip69
)
\TX@col@width=\dimen125
\TX@old@table=\dimen126
\TX@old@col=\dimen127
\TX@target=\dimen128
\TX@delta=\dimen129
\TX@cols=\count120
\TX@ftn=\toks35
)

! LaTeX Error: File `slashbox.sty' not found.

Type X to quit or <RETURN> to proceed,
or enter new name. (Default extension: sty)

Enter file name: 
(/usr/local/texlive/2015/texmf-dist/tex/latex/base/flafter.sty
Package: flafter 2015/03/12 v1.2m Standard LaTeX floats after reference (FMi)
Applying: [2015/01/01] float order in 2-column on input line 49.
Already applied: [0000/00/00] float order in 2-column on input line 151.
)
(/usr/local/texlive/2015/texmf-dist/tex/latex/psnfss/pifont.sty
Package: pifont 2005/04/12 PSNFSS-v9.2a Pi font support (SPQR) 
LaTeX Font Info:    Try loading font information for U+pzd on input line 63.

(/usr/local/texlive/2015/texmf-dist/tex/latex/psnfss/upzd.fd
File: upzd.fd 2001/06/04 font definitions for U/pzd.
)
LaTeX Font Info:    Try loading font information for U+psy on input line 64.

(/usr/local/texlive/2015/texmf-dist/tex/latex/psnfss/upsy.fd
File: upsy.fd 2001/06/04 font definitions for U/psy.
))
(/usr/local/texlive/2015/texmf-dist/tex/latex/tools/calc.sty
Package: calc 2014/10/28 v4.3 Infix arithmetic (KKT,FJ)
\calc@Acount=\count121
\calc@Bcount=\count122
\calc@Adimen=\dimen130
\calc@Bdimen=\dimen131
\calc@Askip=\skip70
\calc@Bskip=\skip71
LaTeX Info: Redefining \setlength on input line 80.
LaTeX Info: Redefining \addtolength on input line 81.
\calc@Ccount=\count123
\calc@Cskip=\skip72
)
(/usr/local/texlive/2015/texmf-dist/tex/latex/colortbl/colortbl.sty
Package: colortbl 2012/02/13 v1.0a Color table columns (DPC)
\everycr=\toks36
\minrowclearance=\skip73
)
(/usr/local/texlive/2015/texmf-dist/tex/latex/booktabs/booktabs.sty
Package: booktabs 2005/04/14 v1.61803 publication quality tables
\heavyrulewidth=\dimen132
\lightrulewidth=\dimen133
\cmidrulewidth=\dimen134
\belowrulesep=\dimen135
\belowbottomsep=\dimen136
\aboverulesep=\dimen137
\abovetopsep=\dimen138
\cmidrulesep=\dimen139
\cmidrulekern=\dimen140
\defaultaddspace=\dimen141
\@cmidla=\count124
\@cmidlb=\count125
\@aboverulesep=\dimen142
\@belowrulesep=\dimen143
\@thisruleclass=\count126
\@lastruleclass=\count127
\@thisrulewidth=\dimen144
)
(/usr/local/texlive/2015/texmf-dist/tex/generic/oberdiek/ifpdf.sty
Package: ifpdf 2011/01/30 v2.3 Provides the ifpdf switch (HO)
Package ifpdf Info: pdfTeX in PDF mode is detected.
)
(/usr/local/texlive/2015/texmf-dist/tex/latex/oberdiek/epstopdf.sty
Package: epstopdf 2010/02/09 v2.5 Conversion with epstopdf on the fly (HO)

(/usr/local/texlive/2015/texmf-dist/tex/latex/oberdiek/epstopdf-base.sty
Package: epstopdf-base 2010/02/09 v2.5 Base part for package epstopdf

(/usr/local/texlive/2015/texmf-dist/tex/latex/oberdiek/grfext.sty
Package: grfext 2010/08/19 v1.1 Manage graphics extensions (HO)

(/usr/local/texlive/2015/texmf-dist/tex/generic/oberdiek/kvdefinekeys.sty
Package: kvdefinekeys 2011/04/07 v1.3 Define keys (HO)
))
(/usr/local/texlive/2015/texmf-dist/tex/latex/oberdiek/kvoptions.sty
Package: kvoptions 2011/06/30 v3.11 Key value format for package options (HO)

(/usr/local/texlive/2015/texmf-dist/tex/generic/oberdiek/kvsetkeys.sty
Package: kvsetkeys 2012/04/25 v1.16 Key value parser (HO)

(/usr/local/texlive/2015/texmf-dist/tex/generic/oberdiek/etexcmds.sty
Package: etexcmds 2011/02/16 v1.5 Avoid name clashes with e-TeX commands (HO)

(/usr/local/texlive/2015/texmf-dist/tex/generic/oberdiek/ifluatex.sty
Package: ifluatex 2010/03/01 v1.3 Provides the ifluatex switch (HO)
Package ifluatex Info: LuaTeX not detected.
)
Package etexcmds Info: Could not find \expanded.
(etexcmds)             That can mean that you are not using pdfTeX 1.50 or
(etexcmds)             that some package has redefined \expanded.
(etexcmds)             In the latter case, load this package earlier.
)))
(/usr/local/texlive/2015/texmf-dist/tex/generic/oberdiek/pdftexcmds.sty
Package: pdftexcmds 2011/11/29 v0.20 Utility functions of pdfTeX for LuaTeX (HO
)
Package pdftexcmds Info: LuaTeX not detected.
Package pdftexcmds Info: \pdf@primitive is available.
Package pdftexcmds Info: \pdf@ifprimitive is available.
Package pdftexcmds Info: \pdfdraftmode found.
)
Package grfext Info: Graphics extension search list:
(grfext)             [.png,.pdf,.jpg,.mps,.jpeg,.jbig2,.jb2,.PNG,.PDF,.JPG,.JPE
G,.JBIG2,.JB2,.eps]
(grfext)             \AppendGraphicsExtensions on input line 452.

(/usr/local/texlive/2015/texmf-dist/tex/latex/latexconfig/epstopdf-sys.cfg
File: epstopdf-sys.cfg 2010/07/13 v1.3 Configuration of (r)epstopdf for TeX Liv
e
)))
(/usr/local/texlive/2015/texmf-dist/tex/latex/hyperref/hyperref.sty
Package: hyperref 2012/11/06 v6.83m Hypertext links for LaTeX

(/usr/local/texlive/2015/texmf-dist/tex/generic/oberdiek/hobsub-hyperref.sty
Package: hobsub-hyperref 2012/05/28 v1.13 Bundle oberdiek, subset hyperref (HO)


(/usr/local/texlive/2015/texmf-dist/tex/generic/oberdiek/hobsub-generic.sty
Package: hobsub-generic 2012/05/28 v1.13 Bundle oberdiek, subset generic (HO)
Package: hobsub 2012/05/28 v1.13 Construct package bundles (HO)
Package hobsub Info: Skipping package `infwarerr' (already loaded).
Package hobsub Info: Skipping package `ltxcmds' (already loaded).
Package hobsub Info: Skipping package `ifluatex' (already loaded).
Package: ifvtex 2010/03/01 v1.5 Detect VTeX and its facilities (HO)
Package ifvtex Info: VTeX not detected.
Package: intcalc 2007/09/27 v1.1 Expandable calculations with integers (HO)
Package hobsub Info: Skipping package `ifpdf' (already loaded).
Package hobsub Info: Skipping package `etexcmds' (already loaded).
Package hobsub Info: Skipping package `kvsetkeys' (already loaded).
Package hobsub Info: Skipping package `kvdefinekeys' (already loaded).
Package hobsub Info: Skipping package `pdftexcmds' (already loaded).
Package: pdfescape 2011/11/25 v1.13 Implements pdfTeX's escape features (HO)
Package: bigintcalc 2012/04/08 v1.3 Expandable calculations on big integers (HO
)
Package: bitset 2011/01/30 v1.1 Handle bit-vector datatype (HO)
Package: uniquecounter 2011/01/30 v1.2 Provide unlimited unique counter (HO)
)
Package hobsub Info: Skipping package `hobsub' (already loaded).
Package: letltxmacro 2010/09/02 v1.4 Let assignment for LaTeX macros (HO)
Package: hopatch 2012/05/28 v1.2 Wrapper for package hooks (HO)
Package: xcolor-patch 2011/01/30 xcolor patch
Package: atveryend 2011/06/30 v1.8 Hooks at the very end of document (HO)
Package atveryend Info: \enddocument detected (standard20110627).
Package: atbegshi 2011/10/05 v1.16 At begin shipout hook (HO)
Package: refcount 2011/10/16 v3.4 Data extraction from label references (HO)
Package: hycolor 2011/01/30 v1.7 Color options for hyperref/bookmark (HO)
)
(/usr/local/texlive/2015/texmf-dist/tex/generic/ifxetex/ifxetex.sty
Package: ifxetex 2010/09/12 v0.6 Provides ifxetex conditional
)
(/usr/local/texlive/2015/texmf-dist/tex/latex/oberdiek/auxhook.sty
Package: auxhook 2011/03/04 v1.3 Hooks for auxiliary files (HO)
)
\@linkdim=\dimen145
\Hy@linkcounter=\count128
\Hy@pagecounter=\count129

(/usr/local/texlive/2015/texmf-dist/tex/latex/hyperref/pd1enc.def
File: pd1enc.def 2012/11/06 v6.83m Hyperref: PDFDocEncoding definition (HO)
)
\Hy@SavedSpaceFactor=\count130

(/usr/local/texlive/2015/texmf-dist/tex/latex/latexconfig/hyperref.cfg
File: hyperref.cfg 2002/06/06 v1.2 hyperref configuration of TeXLive
)
Package hyperref Info: Option `bookmarks' set `true' on input line 4319.


Package hyperref Warning: Option `pagecolor' is not available anymore.

Package hyperref Info: Option `colorlinks' set `true' on input line 4319.

Package hyperref Warning: Invalid value `001'
(hyperref)                for option `pdfborder'.
(hyperref)                Option setting is ignored on input line 4319.

Package hyperref Info: Hyper figures OFF on input line 4443.
Package hyperref Info: Link nesting OFF on input line 4448.
Package hyperref Info: Hyper index ON on input line 4451.
Package hyperref Info: Plain pages OFF on input line 4458.
Package hyperref Info: Backreferencing OFF on input line 4463.
Package hyperref Info: Implicit mode ON; LaTeX internals redefined.
Package hyperref Info: Bookmarks ON on input line 4688.
\c@Hy@tempcnt=\count131
(/usr/local/texlive/2015/texmf-dist/tex/latex/url/url.sty
\Urlmuskip=\muskip11
Package: url 2013/09/16  ver 3.4  Verb mode for urls, etc.
)
LaTeX Info: Redefining \url on input line 5041.
\XeTeXLinkMargin=\dimen146
\Fld@menulength=\count132
\Field@Width=\dimen147
\Fld@charsize=\dimen148
Package hyperref Info: Hyper figures OFF on input line 6295.
Package hyperref Info: Link nesting OFF on input line 6300.
Package hyperref Info: Hyper index ON on input line 6303.
Package hyperref Info: backreferencing OFF on input line 6310.
Package hyperref Info: Link coloring ON on input line 6313.
Package hyperref Info: Link coloring with OCG OFF on input line 6320.
Package hyperref Info: PDF/A mode OFF on input line 6325.
LaTeX Info: Redefining \ref on input line 6365.
LaTeX Info: Redefining \pageref on input line 6369.
\Hy@abspage=\count133
\c@Item=\count134
\c@Hfootnote=\count135
)

Package hyperref Message: Driver (autodetected): hpdftex.

(/usr/local/texlive/2015/texmf-dist/tex/latex/hyperref/hpdftex.def
File: hpdftex.def 2012/11/06 v6.83m Hyperref driver for pdfTeX
\Fld@listcount=\count136
\c@bookmark@seq@number=\count137

(/usr/local/texlive/2015/texmf-dist/tex/latex/oberdiek/rerunfilecheck.sty
Package: rerunfilecheck 2011/04/15 v1.7 Rerun checks for auxiliary files (HO)
Package uniquecounter Info: New unique counter `rerunfilecheck' on input line 2
82.
)
\Hy@SectionHShift=\skip74
)
\c@Theorem=\count138
Package color Info: Redefining color grey on input line 148.

(/usr/local/texlive/2015/texmf-dist/tex/latex/listings/lstlang1.sty
File: lstlang1.sty 2014/09/06 1.5e listings language file
)
(/usr/local/texlive/2015/texmf-dist/tex/latex/listings/lstmisc.sty
File: lstmisc.sty 2014/09/06 1.5e (Carsten Heinz)
))
(/usr/local/texlive/2015/texmf-dist/tex/latex/changepage/changepage.sty
Package: changepage 2009/10/20 v1.0c check page and change page layout
\c@cp@cntr=\count139
\cp@tempcnt=\count140
)
(/usr/local/texlive/2015/texmf-dist/tex/latex/caption/caption.sty
Package: caption 2013/05/02 v3.3-89 Customizing captions (AR)

(/usr/local/texlive/2015/texmf-dist/tex/latex/caption/caption3.sty
Package: caption3 2013/05/02 v1.6-88 caption3 kernel (AR)
Package caption3 Info: TeX engine: e-TeX on input line 57.
\captionmargin=\dimen149
\captionmargin@=\dimen150
\captionwidth=\dimen151
\caption@tempdima=\dimen152
\caption@indent=\dimen153
\caption@parindent=\dimen154
\caption@hangindent=\dimen155
)
Package caption Info: We need package `newfloat' on input line 293.

(/usr/local/texlive/2015/texmf-dist/tex/latex/caption/newfloat.sty
Package: newfloat 2013/05/11 v1.1-91 Defining new floating environments (AR)
)
\c@ContinuedFloat=\count141
Package caption Info: hyperref package is loaded.
Package caption Info: listings package is loaded.
Package caption Info: longtable package is loaded.

(/usr/local/texlive/2015/texmf-dist/tex/latex/caption/ltcaption.sty
Package: ltcaption 2013/02/03 v1.3-62 longtable captions (AR)
)
Package caption Info: subfigure package is loaded.
)
(/usr/local/texlive/2015/texmf-dist/tex/latex/float/float.sty
Package: float 2001/11/08 v1.3d Float enhancements (AL)
\c@float@type=\count142
\float@exts=\toks37
\float@box=\box36
\@float@everytoks=\toks38
\@floatcapt=\box37
)
(/usr/local/texlive/2015/texmf-dist/tex/latex/bezos/accents.sty
Package: accents 2006/05/12 v1.3 Math Accent Tools
\cc@skew=\dimen156
\cc@wd=\dimen157
\cc@code=\count143
\cc@group=\count144
\cc@skewchar=\count145
)
(/usr/local/texlive/2015/texmf-dist/tex/latex/statex/statex.sty
Package: statex 2006/05/17 v1.6 a statistics style for latex
\symugrf@m=\mathgroup11
LaTeX Font Info:    Overwriting math alphabet `\sfsl' in version `bold'
(Font)                  OT1/cmss/m/sl --> OT1/cmss/bx/sl on input line 43.
)
(/usr/local/texlive/2015/texmf-dist/tex/latex/psnfss/palatino.sty
Package: palatino 2005/04/12 PSNFSS-v9.2a (SPQR) 
)
(./mcmpaper.aux

LaTeX Warning: Label `figure6.2.1(2)' multiply defined.


LaTeX Warning: Label `sub@figure6.2.1(2)' multiply defined.


LaTeX Warning: Label `figure6.2.1(3)' multiply defined.


LaTeX Warning: Label `sub@figure6.2.1(3)' multiply defined.


LaTeX Warning: Label `figure6.2.1(23)' multiply defined.

)
\openout1 = `mcmpaper.aux'.

LaTeX Font Info:    Checking defaults for OML/cmm/m/it on input line 56.
LaTeX Font Info:    ... okay on input line 56.
LaTeX Font Info:    Checking defaults for T1/cmr/m/n on input line 56.
LaTeX Font Info:    ... okay on input line 56.
LaTeX Font Info:    Checking defaults for OT1/cmr/m/n on input line 56.
LaTeX Font Info:    ... okay on input line 56.
LaTeX Font Info:    Checking defaults for OMS/cmsy/m/n on input line 56.
LaTeX Font Info:    ... okay on input line 56.
LaTeX Font Info:    Checking defaults for OMX/cmex/m/n on input line 56.
LaTeX Font Info:    ... okay on input line 56.
LaTeX Font Info:    Checking defaults for U/cmr/m/n on input line 56.
LaTeX Font Info:    ... okay on input line 56.
LaTeX Font Info:    Checking defaults for PD1/pdf/m/n on input line 56.
LaTeX Font Info:    ... okay on input line 56.
LaTeX Font Info:    Try loading font information for OT1+ppl on input line 56.
 (/usr/local/texlive/2015/texmf-dist/tex/latex/psnfss/ot1ppl.fd
File: ot1ppl.fd 2001/06/04 font definitions for OT1/ppl.
)
(/usr/local/texlive/2015/texmf-dist/tex/context/base/supp-pdf.mkii
[Loading MPS to PDF converter (version 2006.09.02).]
\scratchcounter=\count146
\scratchdimen=\dimen158
\scratchbox=\box38
\nofMPsegments=\count147
\nofMParguments=\count148
\everyMPshowfont=\toks39
\MPscratchCnt=\count149
\MPscratchDim=\dimen159
\MPnumerator=\count150
\makeMPintoPDFobject=\count151
\everyMPtoPDFconversion=\toks40
)
Package lastpage Info: Please have a look at the pageslts package at
(lastpage)             https://www.ctan.org/pkg/pageslts
(lastpage)             ! on input line 56.
\c@lstlisting=\count152
\AtBeginShipoutBox=\box39
Package hyperref Info: Link coloring ON on input line 56.
 (/usr/local/texlive/2015/texmf-dist/tex/latex/hyperref/nameref.sty
Package: nameref 2012/10/27 v2.43 Cross-referencing by name of section

(/usr/local/texlive/2015/texmf-dist/tex/generic/oberdiek/gettitlestring.sty
Package: gettitlestring 2010/12/03 v1.4 Cleanup title references (HO)
)
\c@section@level=\count153
)
LaTeX Info: Redefining \ref on input line 56.
LaTeX Info: Redefining \pageref on input line 56.
LaTeX Info: Redefining \nameref on input line 56.

(./mcmpaper.out) (./mcmpaper.out)
\@outlinefile=\write4
\openout4 = `mcmpaper.out'.

Package caption Info: Begin \AtBeginDocument code.
Package caption Info: float package is loaded.
Package caption Info: End \AtBeginDocument code.
LaTeX Font Info:    Try loading font information for U+msa on input line 61.

(/usr/local/texlive/2015/texmf-dist/tex/latex/amsfonts/umsa.fd
File: umsa.fd 2013/01/14 v3.01 AMS symbols A
)
LaTeX Font Info:    Try loading font information for U+msb on input line 61.

(/usr/local/texlive/2015/texmf-dist/tex/latex/amsfonts/umsb.fd
File: umsb.fd 2013/01/14 v3.01 AMS symbols B
)
LaTeX Font Info:    Try loading font information for U+rsfs on input line 61.

(/usr/local/texlive/2015/texmf-dist/tex/latex/jknapltx/ursfs.fd
File: ursfs.fd 1998/03/24 rsfs font definition file (jk)
)
LaTeX Font Info:    Try loading font information for U+lasy on input line 61.

(/usr/local/texlive/2015/texmf-dist/tex/latex/base/ulasy.fd
File: ulasy.fd 1998/08/17 v2.2e LaTeX symbol font definitions
) (./abstract.tex
LaTeX Font Info:    Font shape `OT1/ppl/bx/n' in size <10.95> not available
(Font)              Font shape `OT1/ppl/b/n' tried instead on input line 2.
Missing character: There is no ¡ in font pplr7t!
Missing character: There is no ¯ in font pplr7t!

[1

{/usr/local/texlive/2015/texmf-var/fonts/map/pdftex/updmap/pdftex.map}])
[2]
LaTeX Font Info:    Font shape `OT1/ppl/bx/n' in size <17.28> not available
(Font)              Font shape `OT1/ppl/b/n' tried instead on input line 70.
 (./mcmpaper.toc
LaTeX Font Info:    Font shape `OT1/ppl/bx/n' in size <12> not available
(Font)              Font shape `OT1/ppl/b/n' tried instead on input line 1.
 [3])
\tf@toc=\write5
\openout5 = `mcmpaper.toc'.

 [4] (./body.tex
LaTeX Font Info:    Font shape `OT1/ppl/bx/n' in size <14.4> not available
(Font)              Font shape `OT1/ppl/b/n' tried instead on input line 7.
LaTeX Font Info:    Try loading font information for OMS+ppl on input line 10.

(/usr/local/texlive/2015/texmf-dist/tex/latex/psnfss/omsppl.fd
File: omsppl.fd 
)
LaTeX Font Info:    Font shape `OMS/ppl/m/n' in size <12> not available
(Font)              Font shape `OMS/cmsy/m/n' tried instead on input line 10.
 [5]
Overfull \hbox (2.91551pt too wide) in paragraph at lines 25--26
\OT1/ppl/m/n/12 been over-estimated.[[]] They rec-om-mended to con-sider the im
-pact of ex-pectancy
 []


Overfull \hbox (11.6882pt too wide) in paragraph at lines 34--35
[]\OT1/ppl/b/n/12 We ig-nore the force of cross-wind to a ve-hi-cle when it is 
chang-ing lanes.\OT1/ppl/m/n/12 This
 []

[6] [7] [8] [9]
<./picture/Change-to-the-left-lane.jpg, id=257, 421.575pt x 301.125pt>
File: ./picture/Change-to-the-left-lane.jpg Graphic file (type jpg)

<use ./picture/Change-to-the-left-lane.jpg>
Package pdftex.def Info: ./picture/Change-to-the-left-lane.jpg used on input li
ne 146.
(pdftex.def)             Requested size: 289.08589pt x 180.68097pt.
 [10 <./picture/Change-to-the-left-lane.jpg>]
<./picture/Change-back-to-the-right-lane.jpg, id=267, 446.41782pt x 301.125pt>
File: ./picture/Change-back-to-the-right-lane.jpg Graphic file (type jpg)

<use ./picture/Change-back-to-the-right-lane.jpg>
Package pdftex.def Info: ./picture/Change-back-to-the-right-lane.jpg used on in
put line 176.
(pdftex.def)             Requested size: 289.08507pt x 180.68097pt.
 [11] [12 <./picture/Change-back-to-the-right-lane.jpg>]
Overfull \hbox (9.08365pt too wide) in paragraph at lines 193--194
[]\OT1/ppl/b/n/12 Drivers make de-ci-sions only ac-cord-ing to his own in-ter-e
st. \OT1/ppl/m/n/12 Be-cause drivers
 []

[13] [14] <./picture/Clarification.jpg, id=298, 446.41782pt x 301.125pt>
File: ./picture/Clarification.jpg Graphic file (type jpg)

<use ./picture/Clarification.jpg>
Package pdftex.def Info: ./picture/Clarification.jpg used on input line 256.
(pdftex.def)             Requested size: 289.08507pt x 202.3638pt.
 [15 <./picture/Clarification.jpg>]
Overfull \hbox (0.92863pt too wide) in paragraph at lines 275--276
[]\OT1/ppl/m/n/12 Every ve-hi-cle ran-domly slows down by 1 with prob-a-bil-ity
 $\OML/cmm/m/it/12 p[]$\OT1/ppl/m/n/12 .
 []


Overfull \hbox (3.57503pt too wide) in paragraph at lines 280--282
\OT1/ppl/m/n/12 Where $\OML/cmm/m/it/12 gap[]\OT1/cmr/m/n/12 (\OML/cmm/m/it/12 
t\OT1/cmr/m/n/12 )$ \OT1/ppl/m/n/12 is the gap be-tween $\OML/cmm/m/it/12 vehic
le[]$ \OT1/ppl/m/n/12 and the ve-hi-cle ahead. 
 []

<./picture/Chart.jpg, id=310, 574.66695pt x 670.1838pt>
File: ./picture/Chart.jpg Graphic file (type jpg)

<use ./picture/Chart.jpg>
Package pdftex.def Info: ./picture/Chart.jpg used on input line 294.
(pdftex.def)             Requested size: 469.75499pt x 547.83627pt.
 [16] [17 <./picture/Chart.jpg>] [18]
<./picture/ramps.jpg, id=342, 505.13719pt x 357.58594pt>
File: ./picture/ramps.jpg Graphic file (type jpg)

<use ./picture/ramps.jpg>
Package pdftex.def Info: ./picture/ramps.jpg used on input line 347.
(pdftex.def)             Requested size: 289.07965pt x 180.67494pt.
 [19 <./picture/ramps.jpg>] [20]
<./picture/0/timespacediagram1.png, id=361, 421.575pt x 316.18124pt>
File: ./picture/0/timespacediagram1.png Graphic file (type png)

<use ./picture/0/timespacediagram1.png>
Package pdftex.def Info: ./picture/0/timespacediagram1.png used on input line 3
84.
(pdftex.def)             Requested size: 202.06422pt x 158.99724pt.

<./picture/0/timespacediagram4.png, id=362, 421.575pt x 316.18124pt>
File: ./picture/0/timespacediagram4.png Graphic file (type png)

<use ./picture/0/timespacediagram4.png>
Package pdftex.def Info: ./picture/0/timespacediagram4.png used on input line 3
87.
(pdftex.def)             Requested size: 202.06422pt x 158.99724pt.
 [21 <./picture/0/timespacediagram1.png> <./picture/0/timespacediagram4.png>] [
22]
<./picture/1/1flowrate_total.png, id=381, 421.575pt x 316.18124pt>
File: ./picture/1/1flowrate_total.png Graphic file (type png)

<use ./picture/1/1flowrate_total.png>
Package pdftex.def Info: ./picture/1/1flowrate_total.png used on input line 427
.
(pdftex.def)             Requested size: 289.08589pt x 180.67868pt.

<./picture/1/1flowrate_three_lane.png, id=383, 421.575pt x 316.18124pt>
File: ./picture/1/1flowrate_three_lane.png Graphic file (type png)

<use ./picture/1/1flowrate_three_lane.png>
Package pdftex.def Info: ./picture/1/1flowrate_three_lane.png used on input lin
e 438.
(pdftex.def)             Requested size: 202.06422pt x 158.99724pt.

<./picture/1/1flowrate_four_lane.png, id=384, 421.575pt x 316.18124pt>
File: ./picture/1/1flowrate_four_lane.png Graphic file (type png)

<use ./picture/1/1flowrate_four_lane.png>
Package pdftex.def Info: ./picture/1/1flowrate_four_lane.png used on input line
 441.
(pdftex.def)             Requested size: 202.06422pt x 158.99724pt.
 [23 <./picture/1/1flowrate_total.png>] <./picture/1/2speed_average.png, id=392
, 421.575pt x 316.18124pt>
File: ./picture/1/2speed_average.png Graphic file (type png)

<use ./picture/1/2speed_average.png>
Package pdftex.def Info: ./picture/1/2speed_average.png used on input line 452.

(pdftex.def)             Requested size: 289.08589pt x 180.67868pt.

<./picture/1/2speed_three_lane.png, id=394, 421.575pt x 316.18124pt>
File: ./picture/1/2speed_three_lane.png Graphic file (type png)

<use ./picture/1/2speed_three_lane.png>
Package pdftex.def Info: ./picture/1/2speed_three_lane.png used on input line 4
63.
(pdftex.def)             Requested size: 202.06422pt x 158.99724pt.

<./picture/1/2speed_four_lane.png, id=395, 421.575pt x 316.18124pt>
File: ./picture/1/2speed_four_lane.png Graphic file (type png)

<use ./picture/1/2speed_four_lane.png>
Package pdftex.def Info: ./picture/1/2speed_four_lane.png used on input line 46
6.
(pdftex.def)             Requested size: 202.06422pt x 158.99724pt.
 [24 <./picture/1/1flowrate_three_lane.png> <./picture/1/1flowrate_four_lane.pn
g> <./picture/1/2speed_average.png>]
<./picture/1/3utilizationratio_three_lane.png, id=405, 421.575pt x 316.18124pt>
File: ./picture/1/3utilizationratio_three_lane.png Graphic file (type png)
<use ./picture/1/3utilizationratio_three_lane.png>
Package pdftex.def Info: ./picture/1/3utilizationratio_three_lane.png used on i
nput line 479.
(pdftex.def)             Requested size: 202.06422pt x 158.99724pt.

<./picture/1/3utilizationratio_four_lane.png, id=406, 421.575pt x 316.18124pt>
File: ./picture/1/3utilizationratio_four_lane.png Graphic file (type png)

<use ./picture/1/3utilizationratio_four_lane.png>
Package pdftex.def Info: ./picture/1/3utilizationratio_four_lane.png used on in
put line 482.
(pdftex.def)             Requested size: 202.06422pt x 158.99724pt.
 [25 <./picture/1/2speed_three_lane.png> <./picture/1/2speed_four_lane.png> <./
picture/1/3utilizationratio_three_lane.png> <./picture/1/3utilizationratio_four
_lane.png>]
<./picture/1/4sharpbraking.png, id=421, 421.575pt x 316.18124pt>
File: ./picture/1/4sharpbraking.png Graphic file (type png)

<use ./picture/1/4sharpbraking.png>
Package pdftex.def Info: ./picture/1/4sharpbraking.png used on input line 492.
(pdftex.def)             Requested size: 289.08589pt x 180.67868pt.

<./picture/1/5shiftratio.png, id=423, 421.575pt x 316.18124pt>
File: ./picture/1/5shiftratio.png Graphic file (type png)

<use ./picture/1/5shiftratio.png>
Package pdftex.def Info: ./picture/1/5shiftratio.png used on input line 502.
(pdftex.def)             Requested size: 289.08589pt x 180.67868pt.
 [26 <./picture/1/4sharpbraking.png>]
<./picture/1/6satisfaction.png, id=432, 421.575pt x 316.18124pt>
File: ./picture/1/6satisfaction.png Graphic file (type png)

<use ./picture/1/6satisfaction.png>
Package pdftex.def Info: ./picture/1/6satisfaction.png used on input line 512.
(pdftex.def)             Requested size: 289.08589pt x 180.67868pt.

<./picture/1/7stddeviationofspeed.png, id=433, 421.575pt x 316.18124pt>
File: ./picture/1/7stddeviationofspeed.png Graphic file (type png)

<use ./picture/1/7stddeviationofspeed.png>
Package pdftex.def Info: ./picture/1/7stddeviationofspeed.png used on input lin
e 523.
(pdftex.def)             Requested size: 289.08589pt x 180.67868pt.
 [27 <./picture/1/5shiftratio.png> <./picture/1/6satisfaction.png>]
<./picture/2/1flowrate_high.png, id=444, 379.4175pt x 285.31593pt>
File: ./picture/2/1flowrate_high.png Graphic file (type png)

<use ./picture/2/1flowrate_high.png>
Package pdftex.def Info: ./picture/2/1flowrate_high.png used on input line 538.

(pdftex.def)             Requested size: 205.85501pt x 158.99219pt.

<./picture/2/1speed_high.png, id=445, 395.97937pt x 287.57437pt>
File: ./picture/2/1speed_high.png Graphic file (type png)

<use ./picture/2/1speed_high.png>
Package pdftex.def Info: ./picture/2/1speed_high.png used on input line 541.
(pdftex.def)             Requested size: 205.85608pt x 158.99573pt.
 [28 <./picture/1/7stddeviationofspeed.png>]
<./picture/2/2sharpbraking_high.png, id=455, 395.97937pt x 287.57437pt>
File: ./picture/2/2sharpbraking_high.png Graphic file (type png)

<use ./picture/2/2sharpbraking_high.png>
Package pdftex.def Info: ./picture/2/2sharpbraking_high.png used on input line 
552.
(pdftex.def)             Requested size: 205.85608pt x 158.99573pt.

<./picture/2/2shiftratio_high.png, id=456, 395.97937pt x 287.57437pt>
File: ./picture/2/2shiftratio_high.png Graphic file (type png)

<use ./picture/2/2shiftratio_high.png>
Package pdftex.def Info: ./picture/2/2shiftratio_high.png used on input line 55
5.
(pdftex.def)             Requested size: 205.85608pt x 158.99573pt.
 [29 <./picture/2/1flowrate_high.png> <./picture/2/1speed_high.png>]
<./picture/2/utilizationratio_light_high.png, id=469, 481.8pt x 283.0575pt>
File: ./picture/2/utilizationratio_light_high.png Graphic file (type png)

<use ./picture/2/utilizationratio_light_high.png>
Package pdftex.def Info: ./picture/2/utilizationratio_light_high.png used on in
put line 567.
(pdftex.def)             Requested size: 205.84665pt x 158.99916pt.

<./picture/2/utilizationratio_heavy_high.png, id=470, 507.39563pt x 283.0575pt>
File: ./picture/2/utilizationratio_heavy_high.png Graphic file (type png)
<use ./picture/2/utilizationratio_heavy_high.png>
Package pdftex.def Info: ./picture/2/utilizationratio_heavy_high.png used on in
put line 570.
(pdftex.def)             Requested size: 205.85025pt x 158.99916pt.
 [30 <./picture/2/2sharpbraking_high.png> <./picture/2/2shiftratio_high.png> <.
/picture/2/utilizationratio_light_high.png> <./picture/2/utilizationratio_heavy
_high.png>]
<./picture/3/1flowrate_low.png, id=489, 395.97937pt x 289.83281pt>
File: ./picture/3/1flowrate_low.png Graphic file (type png)

<use ./picture/3/1flowrate_low.png>
Package pdftex.def Info: ./picture/3/1flowrate_low.png used on input line 584.
(pdftex.def)             Requested size: 205.85608pt x 158.99281pt.

<./picture/3/1speed_low.png, id=490, 395.97937pt x 289.83281pt>
File: ./picture/3/1speed_low.png Graphic file (type png)

<use ./picture/3/1speed_low.png>
Package pdftex.def Info: ./picture/3/1speed_low.png used on input line 587.
(pdftex.def)             Requested size: 205.85608pt x 158.99281pt.

<./picture/3/2sharpbraking_low.png, id=492, 395.97937pt x 287.57437pt>
File: ./picture/3/2sharpbraking_low.png Graphic file (type png)

<use ./picture/3/2sharpbraking_low.png>
Package pdftex.def Info: ./picture/3/2sharpbraking_low.png used on input line 5
98.
(pdftex.def)             Requested size: 205.85608pt x 158.99573pt.

<./picture/3/2shiftratio_low.png, id=493, 395.97937pt x 287.57437pt>
File: ./picture/3/2shiftratio_low.png Graphic file (type png)

<use ./picture/3/2shiftratio_low.png>
Package pdftex.def Info: ./picture/3/2shiftratio_low.png used on input line 601
.
(pdftex.def)             Requested size: 205.85608pt x 158.99573pt.
 [31 <./picture/3/1flowrate_low.png> <./picture/3/1speed_low.png>]
<./picture/3/utilizationratio_light_low.png, id=507, 420.06938pt x 280.04625pt>
File: ./picture/3/utilizationratio_light_low.png Graphic file (type png)
<use ./picture/3/utilizationratio_light_low.png>
Package pdftex.def Info: ./picture/3/utilizationratio_light_low.png used on inp
ut line 613.
(pdftex.def)             Requested size: 205.85503pt x 158.99985pt.

<./picture/3/utilizationratio_heavy_low.png, id=508, 420.06938pt x 283.0575pt>
File: ./picture/3/utilizationratio_heavy_low.png Graphic file (type png)

<use ./picture/3/utilizationratio_heavy_low.png>
Package pdftex.def Info: ./picture/3/utilizationratio_heavy_low.png used on inp
ut line 616.
(pdftex.def)             Requested size: 205.85503pt x 158.99916pt.
 [32 <./picture/3/2sharpbraking_low.png> <./picture/3/2shiftratio_low.png> <./p
icture/3/utilizationratio_light_low.png> <./picture/3/utilizationratio_heavy_lo
w.png>]
<./picture/4/1flowrate_signal.png, id=527, 423.08063pt x 287.57437pt>
File: ./picture/4/1flowrate_signal.png Graphic file (type png)

<use ./picture/4/1flowrate_signal.png>
Package pdftex.def Info: ./picture/4/1flowrate_signal.png used on input line 63
1.
(pdftex.def)             Requested size: 205.85233pt x 158.99573pt.

<./picture/4/1speed_signal.png, id=528, 423.08063pt x 287.57437pt>
File: ./picture/4/1speed_signal.png Graphic file (type png)

<use ./picture/4/1speed_signal.png>
Package pdftex.def Info: ./picture/4/1speed_signal.png used on input line 634.
(pdftex.def)             Requested size: 205.85233pt x 158.99573pt.

<./picture/4/2sharpbraking_signal.png, id=530, 432.11438pt x 283.81032pt>
File: ./picture/4/2sharpbraking_signal.png Graphic file (type png)

<use ./picture/4/2sharpbraking_signal.png>
Package pdftex.def Info: ./picture/4/2sharpbraking_signal.png used on input lin
e 646.
(pdftex.def)             Requested size: 205.84987pt x 166.2254pt.

<./picture/4/2shiftratio_signal.png, id=531, 432.11438pt x 287.57437pt>
File: ./picture/4/2shiftratio_signal.png Graphic file (type png)

<use ./picture/4/2shiftratio_signal.png>
Package pdftex.def Info: ./picture/4/2shiftratio_signal.png used on input line 
649.
(pdftex.def)             Requested size: 205.84987pt x 166.22719pt.
 [33 <./picture/4/1flowrate_signal.png> <./picture/4/1speed_signal.png>] [34 <.
/picture/4/2sharpbraking_signal.png> <./picture/4/2shiftratio_signal.png>]
<./picture/5/flowrate_rules1.png, id=555, 539.76656pt x 365.11406pt>
File: ./picture/5/flowrate_rules1.png Graphic file (type png)

<use ./picture/5/flowrate_rules1.png>
Package pdftex.def Info: ./picture/5/flowrate_rules1.png used on input line 682
.
(pdftex.def)             Requested size: 205.85468pt x 166.22186pt.

<./picture/5/speed_rules1.png, id=556, 532.99126pt x 370.38374pt>
File: ./picture/5/speed_rules1.png Graphic file (type png)

<use ./picture/5/speed_rules1.png>
Package pdftex.def Info: ./picture/5/speed_rules1.png used on input line 685.
(pdftex.def)             Requested size: 205.84882pt x 166.22466pt.
 [35]
<./picture/5/sharpbraking_rules1.png, id=562, 551.81157pt x 371.13657pt>
File: ./picture/5/sharpbraking_rules1.png Graphic file (type png)

<use ./picture/5/sharpbraking_rules1.png>
Package pdftex.def Info: ./picture/5/sharpbraking_rules1.png used on input line
 698.
(pdftex.def)             Requested size: 289.09076pt x 202.35886pt.
 [36 <./picture/5/flowrate_rules1.png> <./picture/5/speed_rules1.png>]
Overfull \hbox (11.31537pt too wide) in paragraph at lines 706--707
[]\OT1/ppl/m/n/12 In the heavy traf-fic case, the free-overtaking rule per-form
s the worst. The different-
 []

<./picture/5/satisfaction_rules1.png, id=575, 545.78906pt x 377.15906pt>
File: ./picture/5/satisfaction_rules1.png Graphic file (type png)

<use ./picture/5/satisfaction_rules1.png>
Package pdftex.def Info: ./picture/5/satisfaction_rules1.png used on input line
 714.
(pdftex.def)             Requested size: 205.85297pt x 166.22098pt.

<./picture/5/stddeviationofspeed_rules1.png, id=576, 525.46312pt x 380.92313pt>
File: ./picture/5/stddeviationofspeed_rules1.png Graphic file (type png)
<use ./picture/5/stddeviationofspeed_rules1.png>
Package pdftex.def Info: ./picture/5/stddeviationofspeed_rules1.png used on inp
ut line 717.
(pdftex.def)             Requested size: 205.85185pt x 166.21751pt.
 [37 <./picture/5/sharpbraking_rules1.png>] [38 <./picture/5/satisfaction_rules
1.png> <./picture/5/stddeviationofspeed_rules1.png>]
Underfull \hbox (badness 10000) in paragraph at lines 756--756
[]|\OT1/ppl/m/n/10.95 keep-right-except-
 []


Underfull \hbox (badness 10000) in paragraph at lines 756--756
[]|\OT1/ppl/m/n/10.95 different-speed-
 []


Underfull \hbox (badness 10000) in paragraph at lines 756--756
[]|\OT1/ppl/m/n/10.95 complete-assigned-
 []


Package caption Warning: \label without proper \caption on input line 738.
See the caption package documentation for explanation.


LaTeX Warning: Reference `tab7.3.1' on page 39 undefined on input line 759.

[39]
Missing character: There is no ¡ in font pplr7t!
Missing character: There is no ° in font pplr7t!
Missing character: There is no ¡ in font pplr7t!
Missing character: There is no ± in font pplr7t!
 [40]

LaTeX Warning: `h' float specifier changed to `ht'.

[41] [42] [43] [44] [45]
Missing character: There is no ¡ in font pplr7t!
Missing character: There is no ­ in font pplr7t!
Missing character: There is no ¡ in font pplr7t!
Missing character: There is no ­ in font pplr7t!

Overfull \hbox (25.46407pt too wide) in paragraph at lines 1015--1016
[]\OT1/ppl/m/n/12 Based on the dis-cus-sions above, we mod-ify our model and ru
n a sim-u-la-tion.(tableand
 []


Overfull \hbox (6.46834pt too wide) in paragraph at lines 1017--1018
[]\OT1/ppl/b/n/12 Simply chang-ing the ori-en-ta-tion is rea-son-able if the wi
ll-ing-ness of chang-
 []

<./picture/6/1flowrate_intel.png, id=660, 493.845pt x 303.38344pt>
File: ./picture/6/1flowrate_intel.png Graphic file (type png)

<use ./picture/6/1flowrate_intel.png>
Package pdftex.def Info: ./picture/6/1flowrate_intel.png used on input line 103
3.
(pdftex.def)             Requested size: 205.8461pt x 158.99629pt.

<./picture/6/1speed_intel.png, id=661, 459.21562pt x 299.61937pt>
File: ./picture/6/1speed_intel.png Graphic file (type png)

<use ./picture/6/1speed_intel.png>
Package pdftex.def Info: ./picture/6/1speed_intel.png used on input line 1036.
(pdftex.def)             Requested size: 205.85332pt x 158.99866pt.
 [46]
<./picture/6/2sharpbraking_intel.png, id=669, 507.39563pt x 307.90031pt>
File: ./picture/6/2sharpbraking_intel.png Graphic file (type png)

<use ./picture/6/2sharpbraking_intel.png>
Package pdftex.def Info: ./picture/6/2sharpbraking_intel.png used on input line
 1047.
(pdftex.def)             Requested size: 205.85025pt x 158.9956pt.

<./picture/6/2shiftratio_intel.png, id=670, 507.39563pt x 302.63063pt>
File: ./picture/6/2shiftratio_intel.png Graphic file (type png)

<use ./picture/6/2shiftratio_intel.png>
Package pdftex.def Info: ./picture/6/2shiftratio_intel.png used on input line 1
050.
(pdftex.def)             Requested size: 205.85025pt x 158.99428pt.

Overfull \hbox (5.71141pt too wide) in paragraph at lines 1042--1053
[]\OT1/ppl/m/n/12 In the light traf-fic case, the shift ra-tio and sharp brak-i
ng fre-quency change slightly.
 []

[47 <./picture/6/1flowrate_intel.png> <./picture/6/1speed_intel.png>]
<./picture/6/utilizationratio_light_intel.png, id=684, 507.39563pt x 298.11375p
t>
File: ./picture/6/utilizationratio_light_intel.png Graphic file (type png)
 <use ./picture/6/utilizationratio_light_intel.png>
Package pdftex.def Info: ./picture/6/utilizationratio_light_intel.png used on i
nput line 1060.
(pdftex.def)             Requested size: 205.85025pt x 158.99118pt.

<./picture/6/utilizationratio_heavy_intel.png, id=685, 507.39563pt x 301.125pt>
File: ./picture/6/utilizationratio_heavy_intel.png Graphic file (type png)
<use ./picture/6/utilizationratio_heavy_intel.png>
Package pdftex.def Info: ./picture/6/utilizationratio_heavy_intel.png used on i
nput line 1063.
(pdftex.def)             Requested size: 205.85025pt x 158.99815pt.
 [48 <./picture/6/2sharpbraking_intel.png> <./picture/6/2shiftratio_intel.png> 
<./picture/6/utilizationratio_light_intel.png> <./picture/6/utilizationratio_he
avy_intel.png>]
<./picture/7/flowrate_ramp.png, id=701, 420.06938pt x 310.15875pt>
File: ./picture/7/flowrate_ramp.png Graphic file (type png)

<use ./picture/7/flowrate_ramp.png>
Package pdftex.def Info: ./picture/7/flowrate_ramp.png used on input line 1073.

(pdftex.def)             Requested size: 289.07903pt x 180.67308pt.

<./picture/7/speed_ramp.png, id=702, 420.06938pt x 310.15875pt>
File: ./picture/7/speed_ramp.png Graphic file (type png)

<use ./picture/7/speed_ramp.png>
Package pdftex.def Info: ./picture/7/speed_ramp.png used on input line 1081.
(pdftex.def)             Requested size: 289.07903pt x 180.67308pt.
 [49 <./picture/7/flowrate_ramp.png>]
<./picture/7/utilization_light_ramp.png, id=713, 414.79968pt x 309.40594pt>
File: ./picture/7/utilization_light_ramp.png Graphic file (type png)

<use ./picture/7/utilization_light_ramp.png>
Package pdftex.def Info: ./picture/7/utilization_light_ramp.png used on input l
ine 1091.
(pdftex.def)             Requested size: 205.84865pt x 158.99883pt.

<./picture/7/utilization_heavy_ramp.png, id=714, 411.03563pt x 310.15875pt>
File: ./picture/7/utilization_heavy_ramp.png Graphic file (type png)

<use ./picture/7/utilization_heavy_ramp.png>
Package pdftex.def Info: ./picture/7/utilization_heavy_ramp.png used on input l
ine 1094.
(pdftex.def)             Requested size: 205.84972pt x 158.99287pt.
 [50 <./picture/7/speed_ramp.png> <./picture/7/utilization_light_ramp.png> <./p
icture/7/utilization_heavy_ramp.png>] <./picture/7/failure_ramp.png, id=730, 39
7.485pt x 310.15875pt>
File: ./picture/7/failure_ramp.png Graphic file (type png)

<use ./picture/7/failure_ramp.png>
Package pdftex.def Info: ./picture/7/failure_ramp.png used on input line 1103.
(pdftex.def)             Requested size: 289.0881pt x 180.67308pt.
 [51 <./picture/7/failure_ramp.png>])
LaTeX Font Info:    Try loading font information for OT1+pcr on input line 84.

(/usr/local/texlive/2015/texmf-dist/tex/latex/psnfss/ot1pcr.fd
File: ot1pcr.fd 2001/06/04 font definitions for OT1/pcr.
)
Underfull \hbox (badness 3568) in paragraph at lines 87--89
[]\OT1/ppl/m/n/12 Wikipedia.  Pass-ing lane.  [][]$\OT1/pcr/m/n/12 https : / / 
en . wikipedia . org / wiki /
 []

[52]
Underfull \hbox (badness 1533) in paragraph at lines 115--117
[]\OT1/ppl/m/n/12 Wikipedia.  Shoul-der (road).  [][]$\OT1/pcr/m/n/12 http : / 
/ en . wikipedia . org / wiki /
 []


Underfull \hbox (badness 3838) in paragraph at lines 126--129
[]\OT1/ppl/m/n/12 Anhui Ex-press-way Com-pany Lim-ited Net-work.  (2013).  Traf
-fic
 []


Underfull \hbox (badness 10000) in paragraph at lines 126--129
\OT1/pcr/m/n/12 anhui-[]expressway . net / enterprise / quarterselect1 . aspx ?

 []


AED: lastpage setting LastPage
[53]
Package atveryend Info: Empty hook `BeforeClearDocument' on input line 144.
Package atveryend Info: Empty hook `AfterLastShipout' on input line 144.
 (./mcmpaper.aux)
Package atveryend Info: Executing hook `AtVeryEndDocument' on input line 144.
Package atveryend Info: Executing hook `AtEndAfterFileList' on input line 144.
Package rerunfilecheck Info: File `mcmpaper.out' has not changed.
(rerunfilecheck)             Checksum: 8D290DC568821F35C7D04E1795A6446A;2524.


LaTeX Warning: There were undefined references.


LaTeX Warning: There were multiply-defined labels.

Package atveryend Info: Empty hook `AtVeryVeryEnd' on input line 144.
 ) 
Here is how much of TeX's memory you used:
 10752 strings out of 493089
 163749 string characters out of 6134841
 285758 words of memory out of 5000000
 13667 multiletter control sequences out of 15000+600000
 40262 words of font info for 130 fonts, out of 8000000 for 9000
 1141 hyphenation exceptions out of 8191
 49i,13n,45p,865b,602s stack positions out of 5000i,500n,10000p,200000b,80000s
{/usr/local/texlive/2015/texmf-dist/fonts/enc/dvips/base/8r.enc}</usr/local/t
exlive/2015/texmf-dist/fonts/type1/public/amsfonts/cm/cmbx12.pfb></usr/local/te
xlive/2015/texmf-dist/fonts/type1/public/amsfonts/cm/cmex10.pfb></usr/local/tex
live/2015/texmf-dist/fonts/type1/public/amsfonts/cm/cmmi10.pfb></usr/local/texl
ive/2015/texmf-dist/fonts/type1/public/amsfonts/cm/cmmi12.pfb></usr/local/texli
ve/2015/texmf-dist/fonts/type1/public/amsfonts/cm/cmmi6.pfb></usr/local/texlive
/2015/texmf-dist/fonts/type1/public/amsfonts/cm/cmmi7.pfb></usr/local/texlive/2
015/texmf-dist/fonts/type1/public/amsfonts/cm/cmmi8.pfb></usr/local/texlive/201
5/texmf-dist/fonts/type1/public/amsfonts/cm/cmr10.pfb></usr/local/texlive/2015/
texmf-dist/fonts/type1/public/amsfonts/cm/cmr12.pfb></usr/local/texlive/2015/te
xmf-dist/fonts/type1/public/amsfonts/cm/cmr8.pfb></usr/local/texlive/2015/texmf
-dist/fonts/type1/public/amsfonts/cm/cmsy10.pfb></usr/local/texlive/2015/texmf-
dist/fonts/type1/urw/courier/ucrr8a.pfb></usr/local/texlive/2015/texmf-dist/fon
ts/type1/urw/palatino/uplb8a.pfb></usr/local/texlive/2015/texmf-dist/fonts/type
1/urw/palatino/uplr8a.pfb></usr/local/texlive/2015/texmf-dist/fonts/type1/urw/p
alatino/uplr8a.pfb></usr/local/texlive/2015/texmf-dist/fonts/type1/urw/palatino
/uplri8a.pfb>
Output written on mcmpaper.pdf (53 pages, 2457075 bytes).
PDF statistics:
 868 PDF objects out of 1000 (max. 8388607)
 704 compressed objects within 8 object streams
 237 named destinations out of 1000 (max. 500000)
 536 words of extra memory for PDF output out of 10000 (max. 10000000)

