\BOOKMARK [1][-]{section.1}{Introduction}{}% 1
\BOOKMARK [2][-]{subsection.1.1}{Restatement of Problem and Solutions}{section.1}% 2
\BOOKMARK [2][-]{subsection.1.2}{literature review}{section.1}% 3
\BOOKMARK [1][-]{section.2}{Assumptions and Justifications}{}% 4
\BOOKMARK [1][-]{section.3}{Notations}{}% 5
\BOOKMARK [1][-]{section.4}{Model}{}% 6
\BOOKMARK [2][-]{subsection.4.1}{Basic Model}{section.4}% 7
\BOOKMARK [2][-]{subsection.4.2}{Improved Model}{section.4}% 8
\BOOKMARK [1][-]{section.5}{Results}{}% 9
\BOOKMARK [1][-]{section.6}{Result}{}% 10
\BOOKMARK [2][-]{subsection.6.1}{Verification of the initial model}{section.6}% 11
\BOOKMARK [2][-]{subsection.6.2}{Validate the Improved Model with Data}{section.6}% 12
\BOOKMARK [2][-]{subsection.6.3}{Future Prediction}{section.6}% 13
\BOOKMARK [1][-]{section.7}{Result}{}% 14
\BOOKMARK [2][-]{subsection.7.1}{Requirement A}{section.7}% 15
\BOOKMARK [2][-]{subsection.7.2}{Requirement B}{section.7}% 16
\BOOKMARK [2][-]{subsection.7.3}{Requirement C}{section.7}% 17
\BOOKMARK [2][-]{subsection.7.4}{Requirement D}{section.7}% 18
\BOOKMARK [2][-]{subsection.7.5}{Requirement E}{section.7}% 19
\BOOKMARK [1][-]{section.8}{Sensitivity Analysis}{}% 20
\BOOKMARK [1][-]{section.9}{Further Discussions}{}% 21
\BOOKMARK [1][-]{section.10}{Further Discussion}{}% 22
